[2024-05-21T03:14:28.940+0000] {taskinstance.py:1979} INFO - Dependencies all met for dep_context=non-requeueable deps ti=<TaskInstance: stock_pipeline.delete_data manual__2024-05-21T02:57:22.538598+00:00 [queued]>
[2024-05-21T03:14:28.966+0000] {taskinstance.py:1979} INFO - Dependencies all met for dep_context=requeueable deps ti=<TaskInstance: stock_pipeline.delete_data manual__2024-05-21T02:57:22.538598+00:00 [queued]>
[2024-05-21T03:14:28.967+0000] {taskinstance.py:2193} INFO - Starting attempt 1 of 1
[2024-05-21T03:14:28.993+0000] {taskinstance.py:2214} INFO - Executing <Task(PostgresOperator): delete_data> on 2024-05-21 02:57:22.538598+00:00
[2024-05-21T03:14:29.007+0000] {standard_task_runner.py:60} INFO - Started process 136 to run task
[2024-05-21T03:14:29.016+0000] {standard_task_runner.py:87} INFO - Running: ['***', 'tasks', 'run', 'stock_pipeline', 'delete_data', 'manual__2024-05-21T02:57:22.538598+00:00', '--job-id', '457', '--raw', '--subdir', 'DAGS_FOLDER/stock_pipeline.py', '--cfg-path', '/tmp/tmp2e33pd41']
[2024-05-21T03:14:29.070+0000] {standard_task_runner.py:88} INFO - Job 457: Subtask delete_data
[2024-05-21T03:14:29.138+0000] {task_command.py:423} INFO - Running <TaskInstance: stock_pipeline.delete_data manual__2024-05-21T02:57:22.538598+00:00 [running]> on host 4ceaa523915d
[2024-05-21T03:14:29.250+0000] {taskinstance.py:2510} INFO - Exporting env vars: AIRFLOW_CTX_DAG_OWNER='stocks' AIRFLOW_CTX_DAG_ID='stock_pipeline' AIRFLOW_CTX_TASK_ID='delete_data' AIRFLOW_CTX_EXECUTION_DATE='2024-05-21T02:57:22.538598+00:00' AIRFLOW_CTX_TRY_NUMBER='1' AIRFLOW_CTX_DAG_RUN_ID='manual__2024-05-21T02:57:22.538598+00:00'
[2024-05-21T03:14:29.251+0000] {sql.py:276} INFO - Executing: TRUNCATE stock;
[2024-05-21T03:14:29.262+0000] {base.py:83} INFO - Using connection ID 'postgres_demo' for task execution.
[2024-05-21T03:14:29.274+0000] {base.py:83} INFO - Using connection ID 'postgres_demo' for task execution.
[2024-05-21T03:14:29.337+0000] {sql.py:457} INFO - Running statement: TRUNCATE stock;, parameters: None
[2024-05-21T03:14:29.352+0000] {warnings.py:110} WARNING - /home/***/.local/lib/python3.11/site-packages/***/providers/common/sql/hooks/sql.py:407: AirflowProviderDeprecationWarning: Call to deprecated method _make_common_data_structure. (The `_make_serializable` method is deprecated and support will be removed in a future version of the common.sql provider. Please update the DbApiHook's provider to a version based on common.sql >= 1.9.1.)
  result = self._make_common_data_structure(handler(cur))

[2024-05-21T03:14:29.373+0000] {taskinstance.py:1149} INFO - Marking task as SUCCESS. dag_id=stock_pipeline, task_id=delete_data, execution_date=20240521T025722, start_date=20240521T031428, end_date=20240521T031429
[2024-05-21T03:14:29.418+0000] {local_task_job_runner.py:234} INFO - Task exited with return code 0
[2024-05-21T03:14:29.433+0000] {warnings.py:110} WARNING - /home/***/.local/lib/python3.11/site-packages/***/models/baseoperator.py:1201: AirflowProviderDeprecationWarning: Call to deprecated class PostgresOperator. (Please use `***.providers.common.sql.operators.sql.SQLExecuteQueryOperator`.Also, you can provide `hook_params={'schema': <database>}`.)
  result = cls.__new__(cls)

[2024-05-21T03:14:29.471+0000] {taskinstance.py:3309} INFO - 0 downstream tasks scheduled from follow-on schedule check
