[2024-05-21T03:14:17.748+0000] {taskinstance.py:1979} INFO - Dependencies all met for dep_context=non-requeueable deps ti=<TaskInstance: stock_pipeline.create_table scheduled__2024-05-20T00:00:00+00:00 [queued]>
[2024-05-21T03:14:17.770+0000] {taskinstance.py:1979} INFO - Dependencies all met for dep_context=requeueable deps ti=<TaskInstance: stock_pipeline.create_table scheduled__2024-05-20T00:00:00+00:00 [queued]>
[2024-05-21T03:14:17.771+0000] {taskinstance.py:2193} INFO - Starting attempt 3 of 3
[2024-05-21T03:14:17.794+0000] {taskinstance.py:2214} INFO - Executing <Task(PostgresOperator): create_table> on 2024-05-20 00:00:00+00:00
[2024-05-21T03:14:17.805+0000] {standard_task_runner.py:60} INFO - Started process 125 to run task
[2024-05-21T03:14:17.809+0000] {standard_task_runner.py:87} INFO - Running: ['***', 'tasks', 'run', 'stock_pipeline', 'create_table', 'scheduled__2024-05-20T00:00:00+00:00', '--job-id', '452', '--raw', '--subdir', 'DAGS_FOLDER/stock_pipeline.py', '--cfg-path', '/tmp/tmprgth727v']
[2024-05-21T03:14:17.811+0000] {standard_task_runner.py:88} INFO - Job 452: Subtask create_table
[2024-05-21T03:14:17.923+0000] {task_command.py:423} INFO - Running <TaskInstance: stock_pipeline.create_table scheduled__2024-05-20T00:00:00+00:00 [running]> on host 4ceaa523915d
[2024-05-21T03:14:18.054+0000] {taskinstance.py:2510} INFO - Exporting env vars: AIRFLOW_CTX_DAG_OWNER='stocks' AIRFLOW_CTX_DAG_ID='stock_pipeline' AIRFLOW_CTX_TASK_ID='create_table' AIRFLOW_CTX_EXECUTION_DATE='2024-05-20T00:00:00+00:00' AIRFLOW_CTX_TRY_NUMBER='3' AIRFLOW_CTX_DAG_RUN_ID='scheduled__2024-05-20T00:00:00+00:00'
[2024-05-21T03:14:18.056+0000] {sql.py:276} INFO - Executing: 
            CREATE TABLE IF NOT EXISTS stock(
            code VARCHAR(5) PRIMARY KEY,
            reference_price FLOAT(2),
            celling_price FLOAT(2),
            floor_price FLOAT(2),
            price FLOAT(2),
            volume FLOAT(2),
            total_volume FLOAT(2),
            total_value BIGINT,
            highest_price FLOAT(2),
            lowest_price FLOAT(2),
            average_price FLOAT(2),
            created_time timestamp
            );
          
[2024-05-21T03:14:18.072+0000] {base.py:83} INFO - Using connection ID 'postgres_demo' for task execution.
[2024-05-21T03:14:18.092+0000] {base.py:83} INFO - Using connection ID 'postgres_demo' for task execution.
[2024-05-21T03:14:18.289+0000] {sql.py:457} INFO - Running statement: 
            CREATE TABLE IF NOT EXISTS stock(
            code VARCHAR(5) PRIMARY KEY,
            reference_price FLOAT(2),
            celling_price FLOAT(2),
            floor_price FLOAT(2),
            price FLOAT(2),
            volume FLOAT(2),
            total_volume FLOAT(2),
            total_value BIGINT,
            highest_price FLOAT(2),
            lowest_price FLOAT(2),
            average_price FLOAT(2),
            created_time timestamp
            );
          , parameters: None
[2024-05-21T03:14:18.399+0000] {warnings.py:110} WARNING - /home/***/.local/lib/python3.11/site-packages/***/providers/common/sql/hooks/sql.py:407: AirflowProviderDeprecationWarning: Call to deprecated method _make_common_data_structure. (The `_make_serializable` method is deprecated and support will be removed in a future version of the common.sql provider. Please update the DbApiHook's provider to a version based on common.sql >= 1.9.1.)
  result = self._make_common_data_structure(handler(cur))

[2024-05-21T03:14:18.429+0000] {taskinstance.py:1149} INFO - Marking task as SUCCESS. dag_id=stock_pipeline, task_id=create_table, execution_date=20240520T000000, start_date=20240521T031417, end_date=20240521T031418
[2024-05-21T03:14:18.636+0000] {local_task_job_runner.py:234} INFO - Task exited with return code 0
[2024-05-21T03:14:18.757+0000] {warnings.py:110} WARNING - /home/***/.local/lib/python3.11/site-packages/***/models/baseoperator.py:1201: AirflowProviderDeprecationWarning: Call to deprecated class PostgresOperator. (Please use `***.providers.common.sql.operators.sql.SQLExecuteQueryOperator`.Also, you can provide `hook_params={'schema': <database>}`.)
  result = cls.__new__(cls)

[2024-05-21T03:14:18.808+0000] {taskinstance.py:3309} INFO - 1 downstream tasks scheduled from follow-on schedule check
