[2024-05-21T03:18:06.887+0000] {taskinstance.py:1979} INFO - Dependencies all met for dep_context=non-requeueable deps ti=<TaskInstance: stock_pipeline.delete_data manual__2024-05-21T03:18:00.927229+00:00 [queued]>
[2024-05-21T03:18:06.901+0000] {taskinstance.py:1979} INFO - Dependencies all met for dep_context=requeueable deps ti=<TaskInstance: stock_pipeline.delete_data manual__2024-05-21T03:18:00.927229+00:00 [queued]>
[2024-05-21T03:18:06.902+0000] {taskinstance.py:2193} INFO - Starting attempt 1 of 1
[2024-05-21T03:18:06.924+0000] {taskinstance.py:2214} INFO - Executing <Task(PostgresOperator): delete_data> on 2024-05-21 03:18:00.927229+00:00
[2024-05-21T03:18:06.933+0000] {standard_task_runner.py:60} INFO - Started process 174 to run task
[2024-05-21T03:18:06.937+0000] {standard_task_runner.py:87} INFO - Running: ['***', 'tasks', 'run', 'stock_pipeline', 'delete_data', 'manual__2024-05-21T03:18:00.927229+00:00', '--job-id', '466', '--raw', '--subdir', 'DAGS_FOLDER/stock_pipeline.py', '--cfg-path', '/tmp/tmpd_8qy0wy']
[2024-05-21T03:18:06.939+0000] {standard_task_runner.py:88} INFO - Job 466: Subtask delete_data
[2024-05-21T03:18:07.009+0000] {task_command.py:423} INFO - Running <TaskInstance: stock_pipeline.delete_data manual__2024-05-21T03:18:00.927229+00:00 [running]> on host 4ceaa523915d
[2024-05-21T03:18:07.123+0000] {taskinstance.py:2510} INFO - Exporting env vars: AIRFLOW_CTX_DAG_OWNER='stocks' AIRFLOW_CTX_DAG_ID='stock_pipeline' AIRFLOW_CTX_TASK_ID='delete_data' AIRFLOW_CTX_EXECUTION_DATE='2024-05-21T03:18:00.927229+00:00' AIRFLOW_CTX_TRY_NUMBER='1' AIRFLOW_CTX_DAG_RUN_ID='manual__2024-05-21T03:18:00.927229+00:00'
[2024-05-21T03:18:07.124+0000] {sql.py:276} INFO - Executing: TRUNCATE stock;
[2024-05-21T03:18:07.135+0000] {base.py:83} INFO - Using connection ID 'postgres_demo' for task execution.
[2024-05-21T03:18:07.144+0000] {base.py:83} INFO - Using connection ID 'postgres_demo' for task execution.
[2024-05-21T03:18:07.236+0000] {sql.py:457} INFO - Running statement: TRUNCATE stock;, parameters: None
[2024-05-21T03:18:07.248+0000] {warnings.py:110} WARNING - /home/***/.local/lib/python3.11/site-packages/***/providers/common/sql/hooks/sql.py:407: AirflowProviderDeprecationWarning: Call to deprecated method _make_common_data_structure. (The `_make_serializable` method is deprecated and support will be removed in a future version of the common.sql provider. Please update the DbApiHook's provider to a version based on common.sql >= 1.9.1.)
  result = self._make_common_data_structure(handler(cur))

[2024-05-21T03:18:07.279+0000] {taskinstance.py:1149} INFO - Marking task as SUCCESS. dag_id=stock_pipeline, task_id=delete_data, execution_date=20240521T031800, start_date=20240521T031806, end_date=20240521T031807
[2024-05-21T03:18:07.312+0000] {local_task_job_runner.py:234} INFO - Task exited with return code 0
[2024-05-21T03:18:07.333+0000] {warnings.py:110} WARNING - /home/***/.local/lib/python3.11/site-packages/***/models/baseoperator.py:1201: AirflowProviderDeprecationWarning: Call to deprecated class PostgresOperator. (Please use `***.providers.common.sql.operators.sql.SQLExecuteQueryOperator`.Also, you can provide `hook_params={'schema': <database>}`.)
  result = cls.__new__(cls)

[2024-05-21T03:18:07.382+0000] {taskinstance.py:3309} INFO - 1 downstream tasks scheduled from follow-on schedule check
